# JRE version: Java(TM) SE Runtime Environment (18.0.1.1+2) (build 18.0.1.1+2-6)
# Java VM: Java HotSpot(TM) 64-Bit Server VM (18.0.1.1+2-6, mixed mode, sharing, tiered, compressed oops, compressed class ptrs, g1 gc, windows-amd64)
GC Precious Log:
 CardTable entry size: 512
 Card Set container configuration: InlinePtr #cards 4 size 8 Array Of Cards #cards 16 size 48 Howl #buckets 8 coarsen threshold 3686 Howl Bitmap #cards 512 size 80 coarsen threshold 460 Card regions per heap region 1 cards per card region 4096
 CPUs: 4 total, 4 available
 Memory: 16318M
 Large Page Support: Disabled
 NUMA Support: Disabled
 Compressed Oops: Enabled (Zero based)
 Heap Region Size: 2M
 Heap Min Capacity: 8M
 Heap Initial Capacity: 256M
 Heap Max Capacity: 4080M
 Pre-touch: Disabled
 Parallel Workers: 4
 Concurrent Workers: 1
 Concurrent Refinement Workers: 4
 Periodic GC: Disabled
Heap:
 garbage-first heap   total 53248K, used 20583K [0x0000000701000000, 0x0000000800000000)
  region size 2048K, 7 young (14336K), 1 survivors (2048K)
 Metaspace       used 22058K, committed 22272K, reserved 1114112K
  class space    used 2465K, committed 2560K, reserved 1048576K
GC Heap History (20 events):
Event: 16.594 GC heap before
{Heap before GC invocations=14 (full 0):
 garbage-first heap   total 53248K, used 39002K [0x0000000701000000, 0x0000000800000000)
  region size 2048K, 15 young (30720K), 1 survivors (2048K)
 Metaspace       used 22056K, committed 22272K, reserved 1114112K
  class space    used 2464K, committed 2560K, reserved 1048576K
}
Event: 16.595 GC heap after
{Heap after GC invocations=15 (full 0):
 garbage-first heap   total 53248K, used 10300K [0x0000000701000000, 0x0000000800000000)
  region size 2048K, 1 young (2048K), 1 survivors (2048K)
 Metaspace       used 22056K, committed 22272K, reserved 1114112K
  class space    used 2464K, committed 2560K, reserved 1048576K
}
Event: 17.501 GC heap before
{Heap before GC invocations=15 (full 0):
 garbage-first heap   total 53248K, used 38972K [0x0000000701000000, 0x0000000800000000)
  region size 2048K, 15 young (30720K), 1 survivors (2048K)
 Metaspace       used 22056K, committed 22272K, reserved 1114112K
  class space    used 2464K, committed 2560K, reserved 1048576K
}
Event: 17.502 GC heap after
{Heap after GC invocations=16 (full 0):
 garbage-first heap   total 53248K, used 10332K [0x0000000701000000, 0x0000000800000000)
  region size 2048K, 1 young (2048K), 1 survivors (2048K)
 Metaspace       used 22056K, committed 22272K, reserved 1114112K
  class space    used 2464K, committed 2560K, reserved 1048576K
}
Event: 18.311 GC heap before
{Heap before GC invocations=16 (full 0):
 garbage-first heap   total 53248K, used 39004K [0x0000000701000000, 0x0000000800000000)
  region size 2048K, 15 young (30720K), 1 survivors (2048K)
 Metaspace       used 22056K, committed 22272K, reserved 1114112K
  class space    used 2464K, committed 2560K, reserved 1048576K
}
Event: 18.313 GC heap after
{Heap after GC invocations=17 (full 0):
 garbage-first heap   total 53248K, used 10322K [0x0000000701000000, 0x0000000800000000)
  region size 2048K, 1 young (2048K), 1 survivors (2048K)
 Metaspace       used 22056K, committed 22272K, reserved 1114112K
  class space    used 2464K, committed 2560K, reserved 1048576K
}
Event: 19.327 GC heap before
{Heap before GC invocations=17 (full 0):
 garbage-first heap   total 53248K, used 38994K [0x0000000701000000, 0x0000000800000000)
  region size 2048K, 15 young (30720K), 1 survivors (2048K)
 Metaspace       used 22056K, committed 22272K, reserved 1114112K
  class space    used 2464K, committed 2560K, reserved 1048576K
}
Event: 19.329 GC heap after
{Heap after GC invocations=18 (full 0):
 garbage-first heap   total 53248K, used 10334K [0x0000000701000000, 0x0000000800000000)
  region size 2048K, 1 young (2048K), 1 survivors (2048K)
 Metaspace       used 22056K, committed 22272K, reserved 1114112K
  class space    used 2464K, committed 2560K, reserved 1048576K
}
Event: 20.406 GC heap before
{Heap before GC invocations=18 (full 0):
 garbage-first heap   total 53248K, used 39006K [0x0000000701000000, 0x0000000800000000)
  region size 2048K, 15 young (30720K), 1 survivors (2048K)
 Metaspace       used 22056K, committed 22272K, reserved 1114112K
  class space    used 2464K, committed 2560K, reserved 1048576K
}
Event: 20.408 GC heap after
{Heap after GC invocations=19 (full 0):
 garbage-first heap   total 53248K, used 10328K [0x0000000701000000, 0x0000000800000000)
  region size 2048K, 1 young (2048K), 1 survivors (2048K)
 Metaspace       used 22056K, committed 22272K, reserved 1114112K
  class space    used 2464K, committed 2560K, reserved 1048576K
}
Event: 21.380 GC heap before
{Heap before GC invocations=19 (full 0):
 garbage-first heap   total 53248K, used 39000K [0x0000000701000000, 0x0000000800000000)
  region size 2048K, 15 young (30720K), 1 survivors (2048K)
 Metaspace       used 22056K, committed 22272K, reserved 1114112K
  class space    used 2464K, committed 2560K, reserved 1048576K
}
Event: 21.381 GC heap after
{Heap after GC invocations=20 (full 0):
 garbage-first heap   total 53248K, used 10363K [0x0000000701000000, 0x0000000800000000)
  region size 2048K, 1 young (2048K), 1 survivors (2048K)
 Metaspace       used 22056K, committed 22272K, reserved 1114112K
  class space    used 2464K, committed 2560K, reserved 1048576K
}
Event: 22.437 GC heap before
{Heap before GC invocations=20 (full 0):
 garbage-first heap   total 53248K, used 39035K [0x0000000701000000, 0x0000000800000000)
  region size 2048K, 15 young (30720K), 1 survivors (2048K)
 Metaspace       used 22056K, committed 22272K, reserved 1114112K
  class space    used 2464K, committed 2560K, reserved 1048576K
}
Event: 22.439 GC heap after
{Heap after GC invocations=21 (full 0):
 garbage-first heap   total 53248K, used 10346K [0x0000000701000000, 0x0000000800000000)
  region size 2048K, 1 young (2048K), 1 survivors (2048K)
 Metaspace       used 22056K, committed 22272K, reserved 1114112K
  class space    used 2464K, committed 2560K, reserved 1048576K
}
Event: 23.530 GC heap before
{Heap before GC invocations=21 (full 0):
 garbage-first heap   total 53248K, used 39018K [0x0000000701000000, 0x0000000800000000)
  region size 2048K, 15 young (30720K), 1 survivors (2048K)
 Metaspace       used 22056K, committed 22272K, reserved 1114112K
  class space    used 2464K, committed 2560K, reserved 1048576K
}
Event: 23.531 GC heap after
{Heap after GC invocations=22 (full 0):
 garbage-first heap   total 53248K, used 10336K [0x0000000701000000, 0x0000000800000000)
  region size 2048K, 1 young (2048K), 1 survivors (2048K)
 Metaspace       used 22056K, committed 22272K, reserved 1114112K
  class space    used 2464K, committed 2560K, reserved 1048576K
}
Event: 24.559 GC heap before
{Heap before GC invocations=22 (full 0):
 garbage-first heap   total 53248K, used 39008K [0x0000000701000000, 0x0000000800000000)
  region size 2048K, 15 young (30720K), 1 survivors (2048K)
 Metaspace       used 22056K, committed 22272K, reserved 1114112K
  class space    used 2464K, committed 2560K, reserved 1048576K
}
Event: 24.560 GC heap after
{Heap after GC invocations=23 (full 0):
 garbage-first heap   total 53248K, used 10344K [0x0000000701000000, 0x0000000800000000)
  region size 2048K, 1 young (2048K), 1 survivors (2048K)
 Metaspace       used 22056K, committed 22272K, reserved 1114112K
  class space    used 2464K, committed 2560K, reserved 1048576K
}
Event: 25.646 GC heap before
{Heap before GC invocations=23 (full 0):
 garbage-first heap   total 53248K, used 39016K [0x0000000701000000, 0x0000000800000000)
  region size 2048K, 15 young (30720K), 1 survivors (2048K)
 Metaspace       used 22057K, committed 22272K, reserved 1114112K
  class space    used 2464K, committed 2560K, reserved 1048576K
}
Event: 25.646 GC heap after
{Heap after GC invocations=24 (full 0):
 garbage-first heap   total 53248K, used 10343K [0x0000000701000000, 0x0000000800000000)
  region size 2048K, 1 young (2048K), 1 survivors (2048K)
 Metaspace       used 22057K, committed 22272K, reserved 1114112K
  class space    used 2464K, committed 2560K, reserved 1048576K
}

